<?xml version="1.0" encoding="UTF-8"?>
<!-- Generated by org.testng.reporters.JUnitReportReporter -->
<testsuite hostname="Shahnawaz-PC" name="com.makeInIndia.Test.SanityTest" tests="1" failures="0" timestamp="23 Nov 2015 12:24:31 GMT" time="493.846" errors="0">
  <testcase name="HomePage" time="493.846" classname="com.makeInIndia.Test.SanityTest"/>
</testsuite> <!-- com.makeInIndia.Test.SanityTest -->
